Using pre-set license
Built from '2021.3/staging' branch; Version is '2021.3.33f1 (ee5a2aa03ab2) revision 15620650'; Using compiler version '192829333'; Build Type 'Release'
OS: 'Windows 11  (10.0.22621) 64bit CoreSingleLanguage' Language: 'tr' Physical Memory: 7930 MB
BatchMode: 1, IsHumanControllingUs: 0, StartBugReporterOnCrash: 0, Is64bit: 1, IsPro: 1

COMMAND LINE ARGUMENTS:
C:\Program Files\Unity\Hub\Editor\2021.3.33f1\Editor\Unity.exe
-adb2
-batchMode
-noUpm
-name
AssetImportWorker2
-projectPath
C:/Users/aleyn/Desktop/Games/Bounce-the-Ball/BouncetheBall
-logFile
Logs/AssetImportWorker2.log
-srvPort
61939
Successfully changed project path to: C:/Users/aleyn/Desktop/Games/Bounce-the-Ball/BouncetheBall
C:/Users/aleyn/Desktop/Games/Bounce-the-Ball/BouncetheBall
[UnityMemory] Configuration Parameters - Can be set up in boot.config
    "memorysetup-bucket-allocator-granularity=16"
    "memorysetup-bucket-allocator-bucket-count=8"
    "memorysetup-bucket-allocator-block-size=33554432"
    "memorysetup-bucket-allocator-block-count=8"
    "memorysetup-main-allocator-block-size=16777216"
    "memorysetup-thread-allocator-block-size=16777216"
    "memorysetup-gfx-main-allocator-block-size=16777216"
    "memorysetup-gfx-thread-allocator-block-size=16777216"
    "memorysetup-cache-allocator-block-size=4194304"
    "memorysetup-typetree-allocator-block-size=2097152"
    "memorysetup-profiler-bucket-allocator-granularity=16"
    "memorysetup-profiler-bucket-allocator-bucket-count=8"
    "memorysetup-profiler-bucket-allocator-block-size=33554432"
    "memorysetup-profiler-bucket-allocator-block-count=8"
    "memorysetup-profiler-allocator-block-size=16777216"
    "memorysetup-profiler-editor-allocator-block-size=1048576"
    "memorysetup-temp-allocator-size-main=16777216"
    "memorysetup-job-temp-allocator-block-size=2097152"
    "memorysetup-job-temp-allocator-block-size-background=1048576"
    "memorysetup-job-temp-allocator-reduction-small-platforms=262144"
    "memorysetup-temp-allocator-size-background-worker=32768"
    "memorysetup-temp-allocator-size-job-worker=262144"
    "memorysetup-temp-allocator-size-preload-manager=33554432"
    "memorysetup-temp-allocator-size-nav-mesh-worker=65536"
    "memorysetup-temp-allocator-size-audio-worker=65536"
    "memorysetup-temp-allocator-size-cloud-worker=32768"
    "memorysetup-temp-allocator-size-gi-baking-worker=262144"
    "memorysetup-temp-allocator-size-gfx=262144"
Player connection [17064] Host "[IP] 192.168.1.38 [Port] 0 [Flags] 2 [Guid] 1881826710 [EditorId] 1881826710 [Version] 1048832 [Id] WindowsEditor(7,Aleyna) [Debug] 1 [PackageName] WindowsEditor [ProjectName] Editor" joined multi-casting on [225.0.0.222:54997]...

Player connection [17064] Host "[IP] 192.168.1.38 [Port] 0 [Flags] 2 [Guid] 1881826710 [EditorId] 1881826710 [Version] 1048832 [Id] WindowsEditor(7,Aleyna) [Debug] 1 [PackageName] WindowsEditor [ProjectName] Editor" joined alternative multi-casting on [225.0.0.222:34997]...

[Physics::Module] Initialized MultithreadedJobDispatcher with {0} workers.
Refreshing native plugins compatible for Editor in 76.02 ms, found 3 plugins.
Preloading 0 native plugins for Editor in 0.00 ms.
Initialize engine version: 2021.3.33f1 (ee5a2aa03ab2)
[Subsystems] Discovering subsystems at path C:/Program Files/Unity/Hub/Editor/2021.3.33f1/Editor/Data/Resources/UnitySubsystems
[Subsystems] Discovering subsystems at path C:/Users/aleyn/Desktop/Games/Bounce-the-Ball/BouncetheBall/Assets
GfxDevice: creating device client; threaded=0; jobified=0
Direct3D:
    Version:  Direct3D 11.0 [level 11.1]
    Renderer: NVIDIA GeForce RTX 3050 Laptop GPU (ID=0x25a5)
    Vendor:   NVIDIA
    VRAM:     3991 MB
    Driver:   31.0.15.1720
Initialize mono
Mono path[0] = 'C:/Program Files/Unity/Hub/Editor/2021.3.33f1/Editor/Data/Managed'
Mono path[1] = 'C:/Program Files/Unity/Hub/Editor/2021.3.33f1/Editor/Data/MonoBleedingEdge/lib/mono/unityjit-win32'
Mono config path = 'C:/Program Files/Unity/Hub/Editor/2021.3.33f1/Editor/Data/MonoBleedingEdge/etc'
Using monoOptions --debugger-agent=transport=dt_socket,embedding=1,server=y,suspend=n,address=127.0.0.1:56728
Begin MonoManager ReloadAssembly
Registering precompiled unity dll's ...
Register platform support module: C:/Program Files/Unity/Hub/Editor/2021.3.33f1/Editor/Data/PlaybackEngines/AndroidPlayer/UnityEditor.Android.Extensions.dll
Register platform support module: C:/Program Files/Unity/Hub/Editor/2021.3.33f1/Editor/Data/PlaybackEngines/iOSSupport/UnityEditor.iOS.Extensions.dll
Register platform support module: C:/Program Files/Unity/Hub/Editor/2021.3.33f1/Editor/Data/PlaybackEngines/WindowsStandaloneSupport/UnityEditor.WindowsStandalone.Extensions.dll
Registered in 0.008337 seconds.
Native extension for WindowsStandalone target not found
[usbmuxd] Start listen thread
[usbmuxd] Listen thread started
Native extension for iOS target not found
Native extension for Android target not found
Android Extension - Scanning For ADB Devices 691 ms
Refreshing native plugins compatible for Editor in 57.52 ms, found 3 plugins.
Preloading 0 native plugins for Editor in 0.00 ms.
Mono: successfully reloaded assembly
- Completed reload, in  1.450 seconds
Domain Reload Profiling:
	ReloadAssembly (1450ms)
		BeginReloadAssembly (152ms)
			ExecutionOrderSort (0ms)
			DisableScriptedObjects (0ms)
			BackupInstance (0ms)
			ReleaseScriptingObjects (0ms)
			CreateAndSetChildDomain (1ms)
		EndReloadAssembly (1197ms)
			LoadAssemblies (152ms)
			RebuildTransferFunctionScriptingTraits (0ms)
			SetupTypeCache (113ms)
			ReleaseScriptCaches (0ms)
			RebuildScriptCaches (43ms)
			SetupLoadedEditorAssemblies (994ms)
				LogAssemblyErrors (0ms)
				InitializePlatformSupportModulesInManaged (807ms)
				SetLoadedEditorAssemblies (0ms)
				RefreshPlugins (58ms)
				BeforeProcessingInitializeOnLoad (1ms)
				ProcessInitializeOnLoadAttributes (89ms)
				ProcessInitializeOnLoadMethodAttributes (38ms)
				AfterProcessingInitializeOnLoad (0ms)
				EditorAssembliesLoaded (0ms)
			ExecutionOrderSort2 (0ms)
			AwakeInstancesAfterBackupRestoration (0ms)
Platform modules already initialized, skipping
Registering precompiled user dll's ...
Registered in 0.012915 seconds.
Begin MonoManager ReloadAssembly
Native extension for WindowsStandalone target not found
Native extension for iOS target not found
Native extension for Android target not found
Refreshing native plugins compatible for Editor in 0.71 ms, found 3 plugins.
Preloading 0 native plugins for Editor in 0.00 ms.
Package Manager log level set to [2]
[Package Manager] Server::EnsureServerProcessIsRunning -- launch failed, reason: Unity was launched with the -noUpm command-line argument
[Package Manager] Cannot connect to Unity Package Manager local server
Mono: successfully reloaded assembly
- Completed reload, in  1.332 seconds
Domain Reload Profiling:
	ReloadAssembly (1333ms)
		BeginReloadAssembly (102ms)
			ExecutionOrderSort (0ms)
			DisableScriptedObjects (4ms)
			BackupInstance (0ms)
			ReleaseScriptingObjects (0ms)
			CreateAndSetChildDomain (17ms)
		EndReloadAssembly (1144ms)
			LoadAssemblies (117ms)
			RebuildTransferFunctionScriptingTraits (0ms)
			SetupTypeCache (312ms)
			ReleaseScriptCaches (1ms)
			RebuildScriptCaches (47ms)
			SetupLoadedEditorAssemblies (636ms)
				LogAssemblyErrors (0ms)
				InitializePlatformSupportModulesInManaged (29ms)
				SetLoadedEditorAssemblies (0ms)
				RefreshPlugins (1ms)
				BeforeProcessingInitializeOnLoad (58ms)
				ProcessInitializeOnLoadAttributes (526ms)
				ProcessInitializeOnLoadMethodAttributes (17ms)
				AfterProcessingInitializeOnLoad (5ms)
				EditorAssembliesLoaded (0ms)
			ExecutionOrderSort2 (0ms)
			AwakeInstancesAfterBackupRestoration (6ms)
Platform modules already initialized, skipping
========================================================================
Worker process is ready to serve import requests
Launched and connected shader compiler UnityShaderCompiler.exe after 0.06 seconds
Refreshing native plugins compatible for Editor in 0.67 ms, found 3 plugins.
Preloading 0 native plugins for Editor in 0.00 ms.
Unloading 3070 Unused Serialized files (Serialized files now loaded: 0)
Unloading 23 unused Assets / (46.5 KB). Loaded Objects now: 3541.
Memory consumption went from 113.6 MB to 113.6 MB.
Total: 2.709200 ms (FindLiveObjects: 0.265600 ms CreateObjectMapping: 0.106100 ms MarkObjects: 2.222100 ms  DeleteObjects: 0.113700 ms)

AssetImportParameters requested are different than current active one (requested -> active):
  custom:video-decoder-ogg-theora: a1e56fd34408186e4bbccfd4996cb3dc -> 
  custom:container-muxer-webm: aa71ff27fc2769a1b78a27578f13a17b -> 
  custom:container-demuxer-webm: 4f35f7cbe854078d1ac9338744f61a02 -> 
  custom:video-encoder-webm-vp8: eb34c28f22e8b96e1ab97ce403110664 -> 
  custom:video-codec-MediaFoundation-h265: 746d11721c4dcdbdad8f713fa42b33f4 -> 
  custom:CustomObjectIndexerAttribute: bc11b3a6c3213fcdd17b65e7da85e133 -> 
  custom:audio-encoder-webm-vorbis: bf7c407c2cedff20999df2af8eb42d56 -> 
  custom:framework-win-MediaFoundation: 216162199b28c13a410421893ffa2e32 -> 
  custom:SearchIndexIgnoredProperties: e643bd26f0fe6173181afceb89e7c659 -> 
  custom:container-demuxer-ogg: 62fdf1f143b41e24485cea50d1cbac27 -> 
  custom:video-decoder-webm-vp8: 9c59270c3fd7afecdb556c50c9e8de78 -> 
  custom:audio-decoder-ogg-vorbis: bf7c407c2cedff20999df2af8eb42d56 -> 
========================================================================
Received Import Request.
  Time since last request: 491328.982196 seconds.
  path: Assets/UI button pack 3/Button round color 4/continue.prefab
  artifactKey: Guid(de31b39f056f8a84c93c48569a399fa2) Importer(815301076,1909f56bfc062723c751e8b465ee728b)
Number of updated assets reloaded before import = 0
Start importing Assets/UI button pack 3/Button round color 4/continue.prefab using Guid(de31b39f056f8a84c93c48569a399fa2) Importer(815301076,1909f56bfc062723c751e8b465ee728b)  -> (artifact id: '7e5f8260f22162924b7e05d09d421c3f') in 0.050503 seconds 
Number of asset objects unloaded after import = 12
========================================================================
Received Import Request.
  Time since last request: 0.019217 seconds.
  path: Assets/UI button pack 3/Button round color 4/edit.prefab
  artifactKey: Guid(228a1b186d3c09c4bb3865e3743d121d) Importer(815301076,1909f56bfc062723c751e8b465ee728b)
Number of updated assets reloaded before import = 0
Start importing Assets/UI button pack 3/Button round color 4/edit.prefab using Guid(228a1b186d3c09c4bb3865e3743d121d) Importer(815301076,1909f56bfc062723c751e8b465ee728b)  -> (artifact id: '75b2f9e761985e133ba82055edc3470f') in 0.004705 seconds 
Number of asset objects unloaded after import = 12
========================================================================
Received Import Request.
  Time since last request: 0.000031 seconds.
  path: Assets/UI button pack 3/Button round color 4/full-screen.prefab
  artifactKey: Guid(3e65c561f3703d247912a36673875a7a) Importer(815301076,1909f56bfc062723c751e8b465ee728b)
Number of updated assets reloaded before import = 0
Start importing Assets/UI button pack 3/Button round color 4/full-screen.prefab using Guid(3e65c561f3703d247912a36673875a7a) Importer(815301076,1909f56bfc062723c751e8b465ee728b)  -> (artifact id: 'e0cb57d53ae13d809c3fa362177621ff') in 0.003417 seconds 
Number of asset objects unloaded after import = 12
========================================================================
Received Import Request.
  Time since last request: 0.015439 seconds.
  path: Assets/UI button pack 3/Button round color 4/Hard.prefab
  artifactKey: Guid(bda6e60c8cb042d499ecf14d02b2cc89) Importer(815301076,1909f56bfc062723c751e8b465ee728b)
Number of updated assets reloaded before import = 0
Start importing Assets/UI button pack 3/Button round color 4/Hard.prefab using Guid(bda6e60c8cb042d499ecf14d02b2cc89) Importer(815301076,1909f56bfc062723c751e8b465ee728b)  -> (artifact id: 'e6bb040539dc867bcba968e8e0b14be1') in 0.004886 seconds 
Number of asset objects unloaded after import = 12
========================================================================
Received Import Request.
  Time since last request: 0.000020 seconds.
  path: Assets/UI button pack 3/Button round color 4/info.prefab
  artifactKey: Guid(95653577f8947a84a9670e54c7090fd2) Importer(815301076,1909f56bfc062723c751e8b465ee728b)
Number of updated assets reloaded before import = 0
Start importing Assets/UI button pack 3/Button round color 4/info.prefab using Guid(95653577f8947a84a9670e54c7090fd2) Importer(815301076,1909f56bfc062723c751e8b465ee728b)  -> (artifact id: 'a6f29ab330f4026460d7d7b5f7e9ba25') in 0.004688 seconds 
Number of asset objects unloaded after import = 12
========================================================================
Received Import Request.
  Time since last request: 0.322062 seconds.
  path: Assets/UI button pack 3/Button round color 4/lock.prefab
  artifactKey: Guid(d3bab611b75f0b84881fe77ac29a1aca) Importer(815301076,1909f56bfc062723c751e8b465ee728b)
Number of updated assets reloaded before import = 0
Start importing Assets/UI button pack 3/Button round color 4/lock.prefab using Guid(d3bab611b75f0b84881fe77ac29a1aca) Importer(815301076,1909f56bfc062723c751e8b465ee728b)  -> (artifact id: '9a0d3129b9873e7a896c572f2662b5da') in 0.005319 seconds 
Number of asset objects unloaded after import = 12
========================================================================
Received Import Request.
  Time since last request: 0.000016 seconds.
  path: Assets/UI button pack 3/Button round color 4/menu.prefab
  artifactKey: Guid(8452c430dcd0ce44aa0c7373167371ae) Importer(815301076,1909f56bfc062723c751e8b465ee728b)
Number of updated assets reloaded before import = 0
Start importing Assets/UI button pack 3/Button round color 4/menu.prefab using Guid(8452c430dcd0ce44aa0c7373167371ae) Importer(815301076,1909f56bfc062723c751e8b465ee728b)  -> (artifact id: 'cc761d1cf4949c06086e986b3f5bde49') in 0.003240 seconds 
Number of asset objects unloaded after import = 12
========================================================================
Received Import Request.
  Time since last request: 0.029534 seconds.
  path: Assets/UI button pack 3/Button round color 4/mission.prefab
  artifactKey: Guid(f01604022d01d1c42ad6f211f3328978) Importer(815301076,1909f56bfc062723c751e8b465ee728b)
Number of updated assets reloaded before import = 0
Start importing Assets/UI button pack 3/Button round color 4/mission.prefab using Guid(f01604022d01d1c42ad6f211f3328978) Importer(815301076,1909f56bfc062723c751e8b465ee728b)  -> (artifact id: 'cbc9c15efc56dcffaad5e9824245b27e') in 0.007261 seconds 
Number of asset objects unloaded after import = 12
========================================================================
Received Import Request.
  Time since last request: 0.000025 seconds.
  path: Assets/UI button pack 3/Button round color 4/offer.prefab
  artifactKey: Guid(48a8d715795bbc047945069df937fdd2) Importer(815301076,1909f56bfc062723c751e8b465ee728b)
Number of updated assets reloaded before import = 0
Start importing Assets/UI button pack 3/Button round color 4/offer.prefab using Guid(48a8d715795bbc047945069df937fdd2) Importer(815301076,1909f56bfc062723c751e8b465ee728b)  -> (artifact id: 'a679a1bb463e1243f8ea47de5d4f2204') in 0.004368 seconds 
Number of asset objects unloaded after import = 12
========================================================================
Received Import Request.
  Time since last request: 0.029642 seconds.
  path: Assets/UI button pack 3/Button round color 4/ok.prefab
  artifactKey: Guid(4a06f999787ea9d4bbd30e729a4cb784) Importer(815301076,1909f56bfc062723c751e8b465ee728b)
Number of updated assets reloaded before import = 0
Start importing Assets/UI button pack 3/Button round color 4/ok.prefab using Guid(4a06f999787ea9d4bbd30e729a4cb784) Importer(815301076,1909f56bfc062723c751e8b465ee728b)  -> (artifact id: 'ec1118096e72348ab08dac647813bdbf') in 0.004156 seconds 
Number of asset objects unloaded after import = 12
========================================================================
Received Import Request.
  Time since last request: 0.000017 seconds.
  path: Assets/UI button pack 3/Button round color 4/pin.prefab
  artifactKey: Guid(e516f4a4b68d2fe4991b408a666cf971) Importer(815301076,1909f56bfc062723c751e8b465ee728b)
Number of updated assets reloaded before import = 0
Start importing Assets/UI button pack 3/Button round color 4/pin.prefab using Guid(e516f4a4b68d2fe4991b408a666cf971) Importer(815301076,1909f56bfc062723c751e8b465ee728b)  -> (artifact id: '15da4c26bcee50e9373e3670b62a189a') in 0.004035 seconds 
Number of asset objects unloaded after import = 12
========================================================================
Received Import Request.
  Time since last request: 0.198183 seconds.
  path: Assets/UI button pack 3/Button round color 4/quetion.prefab
  artifactKey: Guid(4dc1f62e39daa5748a2f2be01ba3d997) Importer(815301076,1909f56bfc062723c751e8b465ee728b)
Number of updated assets reloaded before import = 0
Start importing Assets/UI button pack 3/Button round color 4/quetion.prefab using Guid(4dc1f62e39daa5748a2f2be01ba3d997) Importer(815301076,1909f56bfc062723c751e8b465ee728b)  -> (artifact id: '08d72f3ed3a133d1230078a57147f642') in 0.005883 seconds 
Number of asset objects unloaded after import = 12
========================================================================
Received Import Request.
  Time since last request: 0.000013 seconds.
  path: Assets/UI button pack 3/Button round color 4/rewards.prefab
  artifactKey: Guid(eabb960e0dd60594fbdc0fb680be18da) Importer(815301076,1909f56bfc062723c751e8b465ee728b)
Number of updated assets reloaded before import = 0
Start importing Assets/UI button pack 3/Button round color 4/rewards.prefab using Guid(eabb960e0dd60594fbdc0fb680be18da) Importer(815301076,1909f56bfc062723c751e8b465ee728b)  -> (artifact id: '3c30118dad75fe80b54c96d154607cf0') in 0.004302 seconds 
Number of asset objects unloaded after import = 12
========================================================================
Received Import Request.
  Time since last request: 0.033970 seconds.
  path: Assets/UI button pack 3/Button round color 4/rmove-people.prefab
  artifactKey: Guid(f5d9e8e448ff9444eaa2e4fd67824acc) Importer(815301076,1909f56bfc062723c751e8b465ee728b)
Number of updated assets reloaded before import = 0
Start importing Assets/UI button pack 3/Button round color 4/rmove-people.prefab using Guid(f5d9e8e448ff9444eaa2e4fd67824acc) Importer(815301076,1909f56bfc062723c751e8b465ee728b)  -> (artifact id: '692a8b1017fed5ad4ad9e426abba115a') in 0.004329 seconds 
Number of asset objects unloaded after import = 12
========================================================================
Received Import Request.
  Time since last request: 0.000029 seconds.
  path: Assets/UI button pack 3/Button round color 4/up.prefab
  artifactKey: Guid(8a9201191798fbd468ddc22fe390ef32) Importer(815301076,1909f56bfc062723c751e8b465ee728b)
Number of updated assets reloaded before import = 0
Start importing Assets/UI button pack 3/Button round color 4/up.prefab using Guid(8a9201191798fbd468ddc22fe390ef32) Importer(815301076,1909f56bfc062723c751e8b465ee728b)  -> (artifact id: '0e1944c33aceec88ef293f59d7493242') in 0.003924 seconds 
Number of asset objects unloaded after import = 12
========================================================================
Received Import Request.
  Time since last request: 0.000023 seconds.
  path: Assets/UI button pack 3/Button round color 4/sound-off.prefab
  artifactKey: Guid(f4f7951e76d01f440ac289d61e21937a) Importer(815301076,1909f56bfc062723c751e8b465ee728b)
Number of updated assets reloaded before import = 0
Start importing Assets/UI button pack 3/Button round color 4/sound-off.prefab using Guid(f4f7951e76d01f440ac289d61e21937a) Importer(815301076,1909f56bfc062723c751e8b465ee728b)  -> (artifact id: '1439d8ba468326d7b74b102d8abc43ea') in 0.004251 seconds 
Number of asset objects unloaded after import = 12
========================================================================
Received Import Request.
  Time since last request: 0.000020 seconds.
  path: Assets/UI button pack 3/Button round color 4/star.prefab
  artifactKey: Guid(16d0234d251e43041847dbfcf423f1ad) Importer(815301076,1909f56bfc062723c751e8b465ee728b)
Number of updated assets reloaded before import = 0
Start importing Assets/UI button pack 3/Button round color 4/star.prefab using Guid(16d0234d251e43041847dbfcf423f1ad) Importer(815301076,1909f56bfc062723c751e8b465ee728b)  -> (artifact id: '11a37e1d0db19f918ff47807a17d40ba') in 0.003154 seconds 
Number of asset objects unloaded after import = 12
========================================================================
Received Import Request.
  Time since last request: 0.208808 seconds.
  path: Assets/UI button pack 3/Button round color 4/zoom-in.prefab
  artifactKey: Guid(8e5c919348eed354fab22ca9508fdbd2) Importer(815301076,1909f56bfc062723c751e8b465ee728b)
Number of updated assets reloaded before import = 0
Start importing Assets/UI button pack 3/Button round color 4/zoom-in.prefab using Guid(8e5c919348eed354fab22ca9508fdbd2) Importer(815301076,1909f56bfc062723c751e8b465ee728b)  -> (artifact id: '548a2b55c421a938c55c12e6f714efde') in 0.003424 seconds 
Number of asset objects unloaded after import = 12
========================================================================
Received Import Request.
  Time since last request: 97.912725 seconds.
  path: Assets/UI button pack 3/white icon/continue.png
  artifactKey: Guid(304df019169f47640a9d9c68beec773f) Importer(815301076,1909f56bfc062723c751e8b465ee728b)
Number of updated assets reloaded before import = 0
Start importing Assets/UI button pack 3/white icon/continue.png using Guid(304df019169f47640a9d9c68beec773f) Importer(815301076,1909f56bfc062723c751e8b465ee728b)  -> (artifact id: 'd325a7121fd1e5525ac6f22172c6f496') in 0.068119 seconds 
Number of asset objects unloaded after import = 3
========================================================================
Received Import Request.
  Time since last request: 0.653464 seconds.
  path: Assets/UI button pack 3/white icon/Dollar.png
  artifactKey: Guid(e6f9f6c2701b39044a9b9b298c4fa242) Importer(815301076,1909f56bfc062723c751e8b465ee728b)
Number of updated assets reloaded before import = 0
Start importing Assets/UI button pack 3/white icon/Dollar.png using Guid(e6f9f6c2701b39044a9b9b298c4fa242) Importer(815301076,1909f56bfc062723c751e8b465ee728b)  -> (artifact id: '859df52d362c020c690aeeb95c4d0deb') in 0.038590 seconds 
Number of asset objects unloaded after import = 3
========================================================================
Received Import Request.
  Time since last request: 0.000030 seconds.
  path: Assets/UI button pack 3/white icon/Hard.png
  artifactKey: Guid(804878d62e504804d8b4897629b44f36) Importer(815301076,1909f56bfc062723c751e8b465ee728b)
Number of updated assets reloaded before import = 0
Start importing Assets/UI button pack 3/white icon/Hard.png using Guid(804878d62e504804d8b4897629b44f36) Importer(815301076,1909f56bfc062723c751e8b465ee728b)  -> (artifact id: 'b68864305d9f2b122bd5b48ebd58da37') in 0.040006 seconds 
Number of asset objects unloaded after import = 3
========================================================================
Received Import Request.
  Time since last request: 0.000022 seconds.
  path: Assets/UI button pack 3/white icon/lock.png
  artifactKey: Guid(20428abd6170bd34e97f8bcb7329d0ff) Importer(815301076,1909f56bfc062723c751e8b465ee728b)
Number of updated assets reloaded before import = 0
Start importing Assets/UI button pack 3/white icon/lock.png using Guid(20428abd6170bd34e97f8bcb7329d0ff) Importer(815301076,1909f56bfc062723c751e8b465ee728b)  -> (artifact id: 'aecb6b87770074327d301791d21ed8b9') in 0.021377 seconds 
Number of asset objects unloaded after import = 3
========================================================================
Received Import Request.
  Time since last request: 0.000054 seconds.
  path: Assets/UI button pack 3/white icon/end.png
  artifactKey: Guid(1922d6ace3bced94992254876f621d31) Importer(815301076,1909f56bfc062723c751e8b465ee728b)
Number of updated assets reloaded before import = 0
Start importing Assets/UI button pack 3/white icon/end.png using Guid(1922d6ace3bced94992254876f621d31) Importer(815301076,1909f56bfc062723c751e8b465ee728b)  -> (artifact id: '81760523493e437261a99930ec6489ae') in 0.022749 seconds 
Number of asset objects unloaded after import = 3
========================================================================
Received Import Request.
  Time since last request: 0.000050 seconds.
  path: Assets/UI button pack 3/white icon/menu.png
  artifactKey: Guid(ca7b2c341deaf834baa2106901cd09b0) Importer(815301076,1909f56bfc062723c751e8b465ee728b)
Number of updated assets reloaded before import = 0
Start importing Assets/UI button pack 3/white icon/menu.png using Guid(ca7b2c341deaf834baa2106901cd09b0) Importer(815301076,1909f56bfc062723c751e8b465ee728b)  -> (artifact id: 'dce2cbc4839f7df39f23ee6a17e774e3') in 0.023267 seconds 
Number of asset objects unloaded after import = 3
========================================================================
Received Import Request.
  Time since last request: 0.000024 seconds.
  path: Assets/UI button pack 3/white icon/Medium.png
  artifactKey: Guid(e524cb0ce5d416e41bd2ccd421a620ba) Importer(815301076,1909f56bfc062723c751e8b465ee728b)
Number of updated assets reloaded before import = 0
Start importing Assets/UI button pack 3/white icon/Medium.png using Guid(e524cb0ce5d416e41bd2ccd421a620ba) Importer(815301076,1909f56bfc062723c751e8b465ee728b)  -> (artifact id: '43fc9ac02f0611ba4e4cf67687caf490') in 0.024008 seconds 
Number of asset objects unloaded after import = 3
========================================================================
Received Import Request.
  Time since last request: 0.000021 seconds.
  path: Assets/UI button pack 3/white icon/Leader-board.png
  artifactKey: Guid(c442acaefe4fe6e4a8ae56752d5d1e8b) Importer(815301076,1909f56bfc062723c751e8b465ee728b)
Number of updated assets reloaded before import = 0
Start importing Assets/UI button pack 3/white icon/Leader-board.png using Guid(c442acaefe4fe6e4a8ae56752d5d1e8b) Importer(815301076,1909f56bfc062723c751e8b465ee728b)  -> (artifact id: '9e304d756d4a2bd09a62ff8652d6669f') in 0.022924 seconds 
Number of asset objects unloaded after import = 3
========================================================================
Received Import Request.
  Time since last request: 0.000024 seconds.
  path: Assets/UI button pack 3/white icon/empty-heart.png
  artifactKey: Guid(792483fd26a1ab0488d676e6afc0ab28) Importer(815301076,1909f56bfc062723c751e8b465ee728b)
Number of updated assets reloaded before import = 0
Start importing Assets/UI button pack 3/white icon/empty-heart.png using Guid(792483fd26a1ab0488d676e6afc0ab28) Importer(815301076,1909f56bfc062723c751e8b465ee728b)  -> (artifact id: '64f30f5a84cb53a0a4e4ca8fface9684') in 0.022107 seconds 
Number of asset objects unloaded after import = 3
========================================================================
Received Import Request.
  Time since last request: 0.000034 seconds.
  path: Assets/UI button pack 3/white icon/info.png
  artifactKey: Guid(e2f9cc2f9b4c77845b2e9dfa1ef74aca) Importer(815301076,1909f56bfc062723c751e8b465ee728b)
Number of updated assets reloaded before import = 0
Start importing Assets/UI button pack 3/white icon/info.png using Guid(e2f9cc2f9b4c77845b2e9dfa1ef74aca) Importer(815301076,1909f56bfc062723c751e8b465ee728b)  -> (artifact id: 'e74123d3c6194a40494139f7ccee44bd') in 0.020479 seconds 
Number of asset objects unloaded after import = 3
========================================================================
Received Import Request.
  Time since last request: 0.000019 seconds.
  path: Assets/UI button pack 3/white icon/free.png
  artifactKey: Guid(5cb1d72ff703a614a877d9dcea5ac454) Importer(815301076,1909f56bfc062723c751e8b465ee728b)
Number of updated assets reloaded before import = 0
Start importing Assets/UI button pack 3/white icon/free.png using Guid(5cb1d72ff703a614a877d9dcea5ac454) Importer(815301076,1909f56bfc062723c751e8b465ee728b)  -> (artifact id: '67d5066d894ac4f5f43b998d0db2bf92') in 0.021350 seconds 
Number of asset objects unloaded after import = 3
========================================================================
Received Import Request.
  Time since last request: 0.000024 seconds.
  path: Assets/UI button pack 3/white icon/left.png
  artifactKey: Guid(9e077b4163a26c9498cc62c73cbf1ca5) Importer(815301076,1909f56bfc062723c751e8b465ee728b)
Number of updated assets reloaded before import = 0
Start importing Assets/UI button pack 3/white icon/left.png using Guid(9e077b4163a26c9498cc62c73cbf1ca5) Importer(815301076,1909f56bfc062723c751e8b465ee728b)  -> (artifact id: 'c2dc6477dcef944097511624f55b291c') in 0.022767 seconds 
Number of asset objects unloaded after import = 3
========================================================================
Received Import Request.
  Time since last request: 0.290969 seconds.
  path: Assets/UI button pack 3/white icon/mission.png
  artifactKey: Guid(1575f789c15f4dc48a3c093573574e28) Importer(815301076,1909f56bfc062723c751e8b465ee728b)
Number of updated assets reloaded before import = 0
Start importing Assets/UI button pack 3/white icon/mission.png using Guid(1575f789c15f4dc48a3c093573574e28) Importer(815301076,1909f56bfc062723c751e8b465ee728b)  -> (artifact id: '19d445711225fb2c1be0f92bc891fc88') in 0.022827 seconds 
Number of asset objects unloaded after import = 3
========================================================================
Received Import Request.
  Time since last request: 0.000015 seconds.
  path: Assets/UI button pack 3/white icon/no-adds.png
  artifactKey: Guid(fd686888cbd4b4742b4b9a7bf4c013d2) Importer(815301076,1909f56bfc062723c751e8b465ee728b)
Number of updated assets reloaded before import = 0
Start importing Assets/UI button pack 3/white icon/no-adds.png using Guid(fd686888cbd4b4742b4b9a7bf4c013d2) Importer(815301076,1909f56bfc062723c751e8b465ee728b)  -> (artifact id: '8424481a02c3683a7817ea7beb153a73') in 0.022276 seconds 
Number of asset objects unloaded after import = 3
========================================================================
Received Import Request.
  Time since last request: 0.000028 seconds.
  path: Assets/UI button pack 3/white icon/music.png
  artifactKey: Guid(bcdb1853f52d04342a99e544c339f92b) Importer(815301076,1909f56bfc062723c751e8b465ee728b)
Number of updated assets reloaded before import = 0
Start importing Assets/UI button pack 3/white icon/music.png using Guid(bcdb1853f52d04342a99e544c339f92b) Importer(815301076,1909f56bfc062723c751e8b465ee728b)  -> (artifact id: '28dcb2f168ea8ba5733cbc05fe6f2201') in 0.024134 seconds 
Number of asset objects unloaded after import = 3
========================================================================
Received Import Request.
  Time since last request: 0.253657 seconds.
  path: Assets/UI button pack 3/white icon/ok.png
  artifactKey: Guid(8f9475928dafb474192f514e97b70ee7) Importer(815301076,1909f56bfc062723c751e8b465ee728b)
Number of updated assets reloaded before import = 0
Start importing Assets/UI button pack 3/white icon/ok.png using Guid(8f9475928dafb474192f514e97b70ee7) Importer(815301076,1909f56bfc062723c751e8b465ee728b)  -> (artifact id: '6169d4f5aeaff0f8e0c33e088da6bec5') in 0.021482 seconds 
Number of asset objects unloaded after import = 3
========================================================================
Received Import Request.
  Time since last request: 0.000014 seconds.
  path: Assets/UI button pack 3/white icon/pin.png
  artifactKey: Guid(52b921980067714488e5c04b7e613d34) Importer(815301076,1909f56bfc062723c751e8b465ee728b)
Number of updated assets reloaded before import = 0
Start importing Assets/UI button pack 3/white icon/pin.png using Guid(52b921980067714488e5c04b7e613d34) Importer(815301076,1909f56bfc062723c751e8b465ee728b)  -> (artifact id: '4826ded90829e2118afe3470b84638b7') in 0.023845 seconds 
Number of asset objects unloaded after import = 3
========================================================================
Received Import Request.
  Time since last request: 0.000019 seconds.
  path: Assets/UI button pack 3/white icon/Premium.png
  artifactKey: Guid(6a5245afd4346fa49b088ba7f38bed41) Importer(815301076,1909f56bfc062723c751e8b465ee728b)
Number of updated assets reloaded before import = 0
Start importing Assets/UI button pack 3/white icon/Premium.png using Guid(6a5245afd4346fa49b088ba7f38bed41) Importer(815301076,1909f56bfc062723c751e8b465ee728b)  -> (artifact id: '16a43b761bd0dc01516cca60a668372a') in 0.023721 seconds 
Number of asset objects unloaded after import = 3
========================================================================
Received Import Request.
  Time since last request: 0.358689 seconds.
  path: Assets/UI button pack 3/white icon/quetion.png
  artifactKey: Guid(e2aad009216e5884699e278e55caee99) Importer(815301076,1909f56bfc062723c751e8b465ee728b)
Number of updated assets reloaded before import = 0
Start importing Assets/UI button pack 3/white icon/quetion.png using Guid(e2aad009216e5884699e278e55caee99) Importer(815301076,1909f56bfc062723c751e8b465ee728b)  -> (artifact id: '55c0cabf60c00a209c0733fdbb8d1d96') in 0.022904 seconds 
Number of asset objects unloaded after import = 3
========================================================================
Received Import Request.
  Time since last request: 0.000017 seconds.
  path: Assets/UI button pack 3/white icon/rewards.png
  artifactKey: Guid(e72737a89ea91024e8bbb28afb18345d) Importer(815301076,1909f56bfc062723c751e8b465ee728b)
Number of updated assets reloaded before import = 0
Start importing Assets/UI button pack 3/white icon/rewards.png using Guid(e72737a89ea91024e8bbb28afb18345d) Importer(815301076,1909f56bfc062723c751e8b465ee728b)  -> (artifact id: 'c8cba49dcb0094bdbb81be0b9bbabf2d') in 0.025472 seconds 
Number of asset objects unloaded after import = 3
========================================================================
Received Import Request.
  Time since last request: 0.000037 seconds.
  path: Assets/UI button pack 3/white icon/Retry.png
  artifactKey: Guid(2cea80b68c6ffed429baed45c521a136) Importer(815301076,1909f56bfc062723c751e8b465ee728b)
Number of updated assets reloaded before import = 0
Start importing Assets/UI button pack 3/white icon/Retry.png using Guid(2cea80b68c6ffed429baed45c521a136) Importer(815301076,1909f56bfc062723c751e8b465ee728b)  -> (artifact id: 'a70d7a43cd4a5351c4ee82f41a57a979') in 0.024545 seconds 
Number of asset objects unloaded after import = 3
========================================================================
Received Import Request.
  Time since last request: 0.031304 seconds.
  path: Assets/UI button pack 3/white icon/rmove-people.png
  artifactKey: Guid(a2471f0d4e7d0ce4394421eee8e748d9) Importer(815301076,1909f56bfc062723c751e8b465ee728b)
Number of updated assets reloaded before import = 0
Start importing Assets/UI button pack 3/white icon/rmove-people.png using Guid(a2471f0d4e7d0ce4394421eee8e748d9) Importer(815301076,1909f56bfc062723c751e8b465ee728b)  -> (artifact id: '782af3ed784e808e02b7ae632439a924') in 0.024900 seconds 
Number of asset objects unloaded after import = 3
========================================================================
Received Import Request.
  Time since last request: 0.000033 seconds.
  path: Assets/UI button pack 3/white icon/share-with-people.png
  artifactKey: Guid(d2f6dc89309a4594cb6f23217f89dc37) Importer(815301076,1909f56bfc062723c751e8b465ee728b)
Number of updated assets reloaded before import = 0
Start importing Assets/UI button pack 3/white icon/share-with-people.png using Guid(d2f6dc89309a4594cb6f23217f89dc37) Importer(815301076,1909f56bfc062723c751e8b465ee728b)  -> (artifact id: '05f141165a50b4931abe9a9b5d86688b') in 0.025915 seconds 
Number of asset objects unloaded after import = 3
========================================================================
Received Import Request.
  Time since last request: 0.000021 seconds.
  path: Assets/UI button pack 3/white icon/sound-off.png
  artifactKey: Guid(ed1bb3f4f8f9dae4c84d8c6293c5f6ad) Importer(815301076,1909f56bfc062723c751e8b465ee728b)
Number of updated assets reloaded before import = 0
Start importing Assets/UI button pack 3/white icon/sound-off.png using Guid(ed1bb3f4f8f9dae4c84d8c6293c5f6ad) Importer(815301076,1909f56bfc062723c751e8b465ee728b)  -> (artifact id: 'b1fb8ac98a05bee6c051aadfe98abf70') in 0.022824 seconds 
Number of asset objects unloaded after import = 3
========================================================================
Received Import Request.
  Time since last request: 0.018247 seconds.
  path: Assets/UI button pack 3/white icon/sound.png
  artifactKey: Guid(264ff21194cf12c4caba5f096f8816af) Importer(815301076,1909f56bfc062723c751e8b465ee728b)
Number of updated assets reloaded before import = 0
Start importing Assets/UI button pack 3/white icon/sound.png using Guid(264ff21194cf12c4caba5f096f8816af) Importer(815301076,1909f56bfc062723c751e8b465ee728b)  -> (artifact id: '4b84834e60727573aae5111a71e6efc0') in 0.021306 seconds 
Number of asset objects unloaded after import = 3
========================================================================
Received Import Request.
  Time since last request: 0.000018 seconds.
  path: Assets/UI button pack 3/white icon/up.png
  artifactKey: Guid(700926b4d444d8342812fa2eabb14fe6) Importer(815301076,1909f56bfc062723c751e8b465ee728b)
Number of updated assets reloaded before import = 0
Start importing Assets/UI button pack 3/white icon/up.png using Guid(700926b4d444d8342812fa2eabb14fe6) Importer(815301076,1909f56bfc062723c751e8b465ee728b)  -> (artifact id: '92bb16541615bb4d93fa3180e897f231') in 0.023032 seconds 
Number of asset objects unloaded after import = 3
========================================================================
Received Import Request.
  Time since last request: 0.000025 seconds.
  path: Assets/UI button pack 3/white icon/tick.png
  artifactKey: Guid(8a715e1992af89d4bbd59131a59983bf) Importer(815301076,1909f56bfc062723c751e8b465ee728b)
Number of updated assets reloaded before import = 0
Start importing Assets/UI button pack 3/white icon/tick.png using Guid(8a715e1992af89d4bbd59131a59983bf) Importer(815301076,1909f56bfc062723c751e8b465ee728b)  -> (artifact id: 'ec059016f5ecfc0f347595c94d20e33f') in 0.025872 seconds 
Number of asset objects unloaded after import = 3
========================================================================
Received Import Request.
  Time since last request: 0.934961 seconds.
  path: Assets/UI button pack 3/white icon/zoom-in.png
  artifactKey: Guid(88652b9ec2a08764298e2bd1caa63d82) Importer(815301076,1909f56bfc062723c751e8b465ee728b)
Number of updated assets reloaded before import = 0
Start importing Assets/UI button pack 3/white icon/zoom-in.png using Guid(88652b9ec2a08764298e2bd1caa63d82) Importer(815301076,1909f56bfc062723c751e8b465ee728b)  -> (artifact id: '4dbcbcd79bc2f5ad588b461e2a215c84') in 0.024449 seconds 
Number of asset objects unloaded after import = 3
Editor requested this worker to shutdown with reason: Scaling down because of idle timeout
AssetImportWorker is now disconnected from the server
Process exiting
Exiting without the bug reporter. Application will terminate with return code 0